<?xml version="1.0" encoding="UTF-8"?>
<!-- Generated by org.testng.reporters.JUnitReportReporter -->
<testsuite hostname="DESKTOP-30FNJH5" name="githubJenkinsPractice.githubJenkins.Class1" tests="1" failures="0" timestamp="29 Apr 2020 23:17:15 GMT" time="0.020" errors="0">
  <testcase name="tc" time="0.020" classname="githubJenkinsPractice.githubJenkins.Class1"/>
</testsuite> <!-- githubJenkinsPractice.githubJenkins.Class1 -->
